2017-10-14 14:10:15,419: INFO: *** NEW RUN ***
2017-10-14 14:10:15,419: INFO: filename: trained_model_2017.10.14-14.10.15
2017-10-14 14:10:15,420: INFO: n_epochs: 2500
2017-10-14 14:10:15,420: INFO: n_hidden: 16
2017-10-14 14:10:15,420: INFO: batch_size: 5
2017-10-14 14:10:15,420: INFO: dropout_enabled: False
2017-10-14 14:10:15,420: INFO: multi_layers_enabled: False
2017-10-14 14:10:15,421: INFO: n_layers: 1
2017-10-14 14:10:15,421: INFO: exp_decay_enabled: False
2017-10-14 14:10:15,421: INFO: reg_enabled: False

2017-10-14 14:10:18,532: INFO: The training shall begin.
2017-10-14 14:10:22,297: INFO: Iter: 0, Loss: 1.295, Accuracy: 0.400, Learning Rate: 0.001
2017-10-22 16:51:34,241: INFO: Iter: 3900, Loss: 0.909, Accuracy: 0.600, Learning Rate: 0.001
2017-10-22 16:52:00,005: INFO: Keyboard Interrupt? Gracefully quitting
2017-10-22 16:52:00,006: INFO: The training is done.

2017-10-22 17:16:37,840: INFO: *** NEW RUN ***
2017-10-22 17:16:37,840: INFO: filename: trained_model_2017.10.22-17.16.37
2017-10-22 17:16:37,841: INFO: n_epochs: 2500
2017-10-22 17:16:37,841: INFO: n_hidden: 16
2017-10-22 17:16:37,841: INFO: batch_size: 5
2017-10-22 17:16:37,841: INFO: dropout_enabled: True
2017-10-22 17:16:37,841: INFO: n_layers: 1
2017-10-22 17:16:37,841: INFO: exp_decay_enabled: False
2017-10-22 17:16:37,841: INFO: reg_enabled: False

2017-10-22 17:16:40,321: INFO: The training shall begin.
2017-10-22 17:16:45,333: INFO: Iter: 0, Loss: 1.166, Accuracy: 0.400, Learning Rate: 0.001
2017-10-22 22:59:29,320: INFO: Iter: 29250, Loss: 0.386, Accuracy: 0.800, Learning Rate: 0.001
2017-10-22 23:00:02,736: INFO: Keyboard Interrupt? Gracefully quitting
2017-10-22 23:00:02,737: INFO: The training is done.

