2017-10-14 14:10:15,419: INFO: *** NEW RUN ***
2017-10-14 14:10:15,419: INFO: filename: trained_model_2017.10.14-14.10.15
2017-10-14 14:10:15,420: INFO: n_epochs: 2500
2017-10-14 14:10:15,420: INFO: n_hidden: 16
2017-10-14 14:10:15,420: INFO: batch_size: 5
2017-10-14 14:10:15,420: INFO: dropout_enabled: False
2017-10-14 14:10:15,420: INFO: multi_layers_enabled: False
2017-10-14 14:10:15,421: INFO: n_layers: 1
2017-10-14 14:10:15,421: INFO: exp_decay_enabled: False
2017-10-14 14:10:15,421: INFO: reg_enabled: False

2017-10-14 14:10:18,532: INFO: The training shall begin.
2017-10-14 14:10:22,297: INFO: Iter: 0, Loss: 1.295, Accuracy: 0.400, Learning Rate: 0.001
2017-10-22 16:51:34,241: INFO: Iter: 3900, Loss: 0.909, Accuracy: 0.600, Learning Rate: 0.001
2017-10-22 16:52:00,005: INFO: Keyboard Interrupt? Gracefully quitting
2017-10-22 16:52:00,006: INFO: The training is done.

2017-10-22 17:16:37,840: INFO: *** NEW RUN ***
2017-10-22 17:16:37,840: INFO: filename: trained_model_2017.10.22-17.16.37
2017-10-22 17:16:37,841: INFO: n_epochs: 2500
2017-10-22 17:16:37,841: INFO: n_hidden: 16
2017-10-22 17:16:37,841: INFO: batch_size: 5
2017-10-22 17:16:37,841: INFO: dropout_enabled: True
2017-10-22 17:16:37,841: INFO: n_layers: 1
2017-10-22 17:16:37,841: INFO: exp_decay_enabled: False
2017-10-22 17:16:37,841: INFO: reg_enabled: False

2017-10-22 17:16:40,321: INFO: The training shall begin.
2017-10-22 17:16:45,333: INFO: Iter: 0, Loss: 1.166, Accuracy: 0.400, Learning Rate: 0.001
2017-10-22 22:59:29,320: INFO: Iter: 29250, Loss: 0.386, Accuracy: 0.800, Learning Rate: 0.001
2017-10-22 23:00:02,736: INFO: Keyboard Interrupt? Gracefully quitting
2017-10-22 23:00:02,737: INFO: The training is done.

2017-10-30 09:40:18,560: INFO: *** NEW RUN ***
2017-10-30 09:40:18,560: INFO: filename: trained_model_2017.10.30-09.40.18
2017-10-30 09:40:18,560: INFO: n_epochs: 250
2017-10-30 09:40:18,560: INFO: n_hidden: 32
2017-10-30 09:40:18,560: INFO: batch_size: 5
2017-10-30 09:40:18,561: INFO: n_layers: 3
2017-10-30 09:40:18,561: INFO: Normalization: False
2017-10-30 09:40:18,561: INFO: exp_decay_enabled: False
2017-10-30 09:40:18,561: INFO: static_lr_val: 0.050
2017-10-30 09:40:18,561: INFO: Reg Type: Dropout
2017-10-30 09:40:18,561: INFO:   Dropout Prob: 0.50
2017-10-30 09:40:18,562: INFO:   Beta: 0.010

2017-10-30 09:40:22,364: INFO: The training shall begin.
2017-10-30 09:40:31,127: INFO: Epoch: 0, Iter: 0, Loss: 0.962, Accuracy: 0.000, Learning Rate: 0.050
2017-10-30 09:4
2017-10-31 23:35:33,689: INFO: Epoch: 465, Iter: 97650, Loss: 0.911, Accuracy: 1.000, Learning Rate: 0.050
2017-10-31 23:36:10,836: INFO: Keyboard Interrupt? Gracefully quitting
2017-10-31 23:36:10,837: INFO: The training is done.
